"E:/Program Files (x86)/Unreal Projects/Ping_Pong_Clone/Ping_Pong_Clone.uproject" 1
"../../../Engine/Plugins/2D/Paper2D/Paper2D.uplugin" 2
"../../../Engine/Plugins/Developer/BlankPlugin/BlankPlugin.uplugin" 3
"../../../Engine/Plugins/Developer/GitSourceControl/GitSourceControl.uplugin" 4
"../../../Engine/Plugins/Developer/KDevelopSourceCodeAccess/KDevelopSourceCodeAccess.uplugin" 5
"../../../Engine/Plugins/Developer/PerforceSourceControl/PerforceSourceControl.uplugin" 6
"../../../Engine/Plugins/Developer/SubversionSourceControl/SubversionSourceControl.uplugin" 7
"../../../Engine/Plugins/Developer/UObjectPlugin/UObjectPlugin.uplugin" 8
"../../../Engine/Plugins/Developer/VisualStudioSourceCodeAccess/VisualStudioSourceCodeAccess.uplugin" 9
"../../../Engine/Plugins/Developer/XCodeSourceCodeAccess/XCodeSourceCodeAccess.uplugin" 10
"../../../Engine/Plugins/Editor/EpicSurvey/EpicSurvey.uplugin" 11
"../../../Engine/Plugins/Editor/MacGraphicsSwitching/MacGraphicsSwitching.uplugin" 12
"../../../Engine/Plugins/Editor/PluginsEditor/PluginsEditor.uplugin" 13
"../../../Engine/Plugins/Editor/SpeedTreeImporter/SpeedTreeImporter.uplugin" 14
"../../../Engine/Plugins/Experimental/BlueprintStats/BlueprintStats.uplugin" 15
"../../../Engine/Plugins/Experimental/CharacterAI/CharacterAI.uplugin" 16
"../../../Engine/Plugins/Experimental/CodeView/CodeView.uplugin" 17
"../../../Engine/Plugins/Experimental/LiveEditor/LiveEditor.uplugin" 18
"../../../Engine/Plugins/Experimental/Phya/Phya.uplugin" 19
"../../../Engine/Plugins/Experimental/SimpleHMD/SimpleHMD.uplugin" 20
"../../../Engine/Plugins/Experimental/SteamVR/SteamVR.uplugin" 21
"../../../Engine/Plugins/Media/AndroidMedia/AndroidMedia.uplugin" 22
"../../../Engine/Plugins/Media/AvfMedia/AvfMedia.uplugin" 23
"../../../Engine/Plugins/Media/MediaPlayerEditor/MediaPlayerEditor.uplugin" 24
"../../../Engine/Plugins/Media/WmfMedia/WmfMedia.uplugin" 25
"../../../Engine/Plugins/Messaging/MessagingDebugger/MessagingDebugger.uplugin" 26
"../../../Engine/Plugins/Messaging/ShmMessaging/ShmMessaging.uplugin" 27
"../../../Engine/Plugins/Messaging/UdpMessaging/UdpMessaging.uplugin" 28
"../../../Engine/Plugins/Runtime/Advertising/IOSTapJoy/IOSTapJoy.uplugin" 29
"../../../Engine/Plugins/Runtime/Analytics/AnalyticsBlueprintLibrary/AnalyticsBlueprintLibrary.uplugin" 30
"../../../Engine/Plugins/Runtime/Analytics/Apsalar/IOSApsalar/IOSApsalar.uplugin" 31
"../../../Engine/Plugins/Runtime/Analytics/FileLogging/FileLogging.uplugin" 32
"../../../Engine/Plugins/Runtime/AndroidDeviceProfileSelector/AndroidDeviceProfileSelector.uplugin" 33
"../../../Engine/Plugins/Runtime/AndroidMoviePlayer/AndroidMoviePlayer.uplugin" 34
"../../../Engine/Plugins/Runtime/AppleMoviePlayer/AppleMoviePlayer.uplugin" 35
"../../../Engine/Plugins/Runtime/CableComponent/CableComponent.uplugin" 36
"../../../Engine/Plugins/Runtime/CustomMeshComponent/CustomMeshComponent.uplugin" 37
"../../../Engine/Plugins/Runtime/ExampleDeviceProfileSelector/ExampleDeviceProfileSelector.uplugin" 38
"../../../Engine/Plugins/Runtime/GearVR/GearVR.uplugin" 39
"../../../Engine/Plugins/Runtime/IOSDeviceProfileSelector/IOSDeviceProfileSelector.uplugin" 40
"../../../Engine/Plugins/Runtime/LiveEditorListenServer/LiveEditorListenServer.uplugin" 41
"../../../Engine/Plugins/Runtime/OculusRift/OculusRift.uplugin" 42
"../../../Engine/Plugins/Runtime/SoundMod/SoundMod.uplugin" 43
"../../../Engine/Plugins/Runtime/SoundVisualizations/SoundVisualizations.uplugin" 44
"../../../Engine/Plugins/Runtime/TwitchLiveStreaming/TwitchLiveStreaming.uplugin" 45
"../../../Engine/Plugins/Runtime/WindowsDeviceProfileSelector/WindowsDeviceProfileSelector.uplugin" 46
"../../../Engine/Plugins/Runtime/WindowsMoviePlayer/WindowsMoviePlayer.uplugin" 47
"../../../Engine/Plugins/ScriptGeneratorPlugin/ScriptGeneratorPlugin.uplugin" 48
"../../../Engine/Plugins/ScriptPlugin/ScriptPlugin.uplugin" 49
"../../../Engine/Plugins/Slate/SlateRemote/SlateRemote.uplugin" 50
"..\..\..\Engine\Content\Internationalization\icudt53l\cnvalias.icu" 51
"..\..\..\Engine\Content\Internationalization\icudt53l\en_US_POSIX.res" 52
"..\..\..\Engine\Content\Internationalization\icudt53l\pool.res" 53
"..\..\..\Engine\Content\Internationalization\icudt53l\en_US.res" 54
"..\..\..\Engine\Content\Internationalization\icudt53l\en.res" 55
"..\..\..\Engine\Content\Internationalization\icudt53l\root.res" 56
"..\..\..\Engine\Content\Internationalization\icudt53l\coll\ucadata.icu" 57
"..\..\..\Engine\Content\Internationalization\icudt53l\nfc.nrm" 58
"..\..\..\Engine\Content\Internationalization\icudt53l\coll\en_US_POSIX.res" 59
"..\..\..\Engine\Content\Internationalization\icudt53l\coll\en_US.res" 60
"..\..\..\Engine\Content\Internationalization\icudt53l\coll\en.res" 61
"..\..\..\Engine\Content\Internationalization\icudt53l\coll\root.res" 62
"..\..\..\Engine\Content\Internationalization\icudt53l\numberingSystems.res" 63
"..\..\..\Engine\Content\Internationalization\icudt53l\curr\supplementalData.res" 64
"..\..\..\Engine\Content\Internationalization\icudt53l\curr\pool.res" 65
"..\..\..\Engine\Content\Internationalization\icudt53l\curr\en.res" 66
"..\..\..\Engine\Content\Internationalization\icudt53l\curr\root.res" 67
"..\..\..\Engine\Content\Internationalization\icudt53l\plurals.res" 68
"..\..\..\Engine\Content\Internationalization\icudt53l\windowsZones.res" 69
"..\..\..\Engine\Content\Internationalization\icudt53l\zoneinfo64.res" 70
"..\..\..\Engine\Content\Internationalization\icudt53l\keyTypeData.res" 71
"..\..\..\Engine\Content\Internationalization\icudt53l\timezoneTypes.res" 72
"..\..\..\Engine\Content\Internationalization\icudt53l\supplementalData.res" 73
"..\..\..\Engine\Content\Internationalization\icudt53l\likelySubtags.res" 74
"../../../Engine/Config/Base.ini" 75
"../../../Engine/Config/BaseEngine.ini" 76
"../../../../../../../Program Files (x86)/Unreal Projects/Ping_Pong_Clone/Config/DefaultEngine.ini" 77
"../../../Engine/Config/Windows/WindowsEngine.ini" 78
"E:/Program Files (x86)/Unreal Projects/Ping_Pong_Clone/Saved/Config/Windows/Engine.ini" 79
"../../../../../../../Program Files (x86)/Unreal Projects/Ping_Pong_Clone/Intermediate/Config/CoalescedSourceConfigs/Engine.ini" 80
"../../../Engine/Config/BaseGame.ini" 81
"E:/Program Files (x86)/Unreal Projects/Ping_Pong_Clone/Saved/Config/Windows/Game.ini" 82
"../../../../../../../Program Files (x86)/Unreal Projects/Ping_Pong_Clone/Intermediate/Config/CoalescedSourceConfigs/Game.ini" 83
"../../../Engine/Config/BaseInput.ini" 84
"../../../../../../../Program Files (x86)/Unreal Projects/Ping_Pong_Clone/Config/DefaultInput.ini" 85
"E:/Program Files (x86)/Unreal Projects/Ping_Pong_Clone/Saved/Config/Windows/Input.ini" 86
"../../../../../../../Program Files (x86)/Unreal Projects/Ping_Pong_Clone/Intermediate/Config/CoalescedSourceConfigs/Input.ini" 87
"../../../Engine/Config/BaseEditor.ini" 88
"../../../../../../../Program Files (x86)/Unreal Projects/Ping_Pong_Clone/Config/DefaultEditor.ini" 89
"E:/Program Files (x86)/Unreal Projects/Ping_Pong_Clone/Saved/Config/Windows/Editor.ini" 90
"../../../../../../../Program Files (x86)/Unreal Projects/Ping_Pong_Clone/Intermediate/Config/CoalescedSourceConfigs/Editor.ini" 91
"../../../Engine/Config/BaseEditorLayout.ini" 92
"E:/Program Files (x86)/Unreal Projects/Ping_Pong_Clone/Saved/Config/Windows/EditorLayout.ini" 93
"../../../../../../../Program Files (x86)/Unreal Projects/Ping_Pong_Clone/Intermediate/Config/CoalescedSourceConfigs/EditorLayout.ini" 94
"../../../Engine/Config/BaseEditorUserSettings.ini" 95
"E:/Program Files (x86)/Unreal Projects/Ping_Pong_Clone/Saved/Config/Windows/EditorUserSettings.ini" 96
"../../../../../../../Program Files (x86)/Unreal Projects/Ping_Pong_Clone/Intermediate/Config/CoalescedSourceConfigs/EditorUserSettings.ini" 97
"../../../Engine/Config/BaseEditorKeyBindings.ini" 98
"E:/Program Files (x86)/Unreal Projects/Ping_Pong_Clone/Saved/Config/Windows/EditorKeyBindings.ini" 99
"../../../../../../../Program Files (x86)/Unreal Projects/Ping_Pong_Clone/Intermediate/Config/CoalescedSourceConfigs/EditorKeyBindings.ini" 100
"../../../Engine/Config/BaseCompat.ini" 101
"E:/Program Files (x86)/Unreal Projects/Ping_Pong_Clone/Saved/Config/Windows/Compat.ini" 102
"../../../../../../../Program Files (x86)/Unreal Projects/Ping_Pong_Clone/Intermediate/Config/CoalescedSourceConfigs/Compat.ini" 103
"../../../Engine/Config/BaseLightmass.ini" 104
"E:/Program Files (x86)/Unreal Projects/Ping_Pong_Clone/Saved/Config/Windows/Lightmass.ini" 105
"../../../../../../../Program Files (x86)/Unreal Projects/Ping_Pong_Clone/Intermediate/Config/CoalescedSourceConfigs/Lightmass.ini" 106
"../../../Engine/Config/BaseScalability.ini" 107
"E:/Program Files (x86)/Unreal Projects/Ping_Pong_Clone/Saved/Config/Windows/Scalability.ini" 108
"../../../../../../../Program Files (x86)/Unreal Projects/Ping_Pong_Clone/Intermediate/Config/CoalescedSourceConfigs/Scalability.ini" 109
"E:/Program Files (x86)/Unreal Projects/Ping_Pong_Clone/Saved/Config/Windows/GameUserSettings.ini" 110
"../../../../../../../Program Files (x86)/Unreal Projects/Ping_Pong_Clone/Intermediate/Config/CoalescedSourceConfigs/GameUserSettings.ini" 111
"../../../Engine/Config/BaseDeviceProfiles.ini" 112
"E:/Program Files (x86)/Unreal Projects/Ping_Pong_Clone/Saved/Config/Windows/DeviceProfiles.ini" 113
"../../../../../../../Program Files (x86)/Unreal Projects/Ping_Pong_Clone/Intermediate/Config/CoalescedSourceConfigs/DeviceProfiles.ini" 114
"../../../Engine/Config/ConsoleVariables.ini" 115
"..\..\..\Engine\Content\Internationalization\icudt53l\es.res" 116
"..\..\..\Engine\Content\Internationalization\icudt53l\coll\es.res" 117
"..\..\..\Engine\Content\Internationalization\icudt53l\curr\es.res" 118
"..\..\..\Engine\Content\Internationalization\icudt53l\es_ES.res" 119
"..\..\..\Engine\Content\Internationalization\icudt53l\ja.res" 120
"..\..\..\Engine\Content\Internationalization\icudt53l\coll\ja.res" 121
"..\..\..\Engine\Content\Internationalization\icudt53l\curr\ja.res" 122
"..\..\..\Engine\Content\Internationalization\icudt53l\ja_JP.res" 123
"..\..\..\Engine\Content\Internationalization\icudt53l\ko.res" 124
"..\..\..\Engine\Content\Internationalization\icudt53l\coll\ko.res" 125
"..\..\..\Engine\Content\Internationalization\icudt53l\curr\ko.res" 126
"..\..\..\Engine\Content\Internationalization\icudt53l\ko_KR.res" 127
"..\..\..\Engine\Content\Internationalization\icudt53l\pt_BR.res" 128
"..\..\..\Engine\Content\Internationalization\icudt53l\pt.res" 129
"..\..\..\Engine\Content\Internationalization\icudt53l\coll\pt.res" 130
"..\..\..\Engine\Content\Internationalization\icudt53l\curr\pt.res" 131
"..\..\..\Engine\Content\Internationalization\icudt53l\zh_CN.res" 132
"..\..\..\Engine\Content\Internationalization\icudt53l\zh_Hans_CN.res" 133
"..\..\..\Engine\Content\Internationalization\icudt53l\zh_Hans.res" 134
"..\..\..\Engine\Content\Internationalization\icudt53l\zh.res" 135
"..\..\..\Engine\Content\Internationalization\icudt53l\coll\zh_CN.res" 136
"..\..\..\Engine\Content\Internationalization\icudt53l\coll\zh_Hans_CN.res" 137
"..\..\..\Engine\Content\Internationalization\icudt53l\coll\zh_Hans.res" 138
"..\..\..\Engine\Content\Internationalization\icudt53l\coll\zh.res" 139
"..\..\..\Engine\Content\Internationalization\icudt53l\curr\zh_CN.res" 140
"..\..\..\Engine\Content\Internationalization\icudt53l\curr\zh_Hans_CN.res" 141
"..\..\..\Engine\Content\Internationalization\icudt53l\curr\zh_Hans.res" 142
"..\..\..\Engine\Content\Internationalization\icudt53l\curr\zh.res" 143
"E:/UDK/UDK4/Epic Games/4.7/Engine/Content/Localization/Editor/en/Editor.locres" 144
"E:/UDK/UDK4/Epic Games/4.7/Engine/Content/Localization/EditorTutorials/en/EditorTutorials.locres" 145
"E:/UDK/UDK4/Epic Games/4.7/Engine/Content/Localization/Engine/en/Engine.locres" 146
"../../../Engine/Content/Slate/Fonts/Roboto-Regular.ttf" 147
"../../../Engine/Content/Slate/Fonts/DroidSansMono.ttf" 148
"../../../Engine/Content/Slate/Fonts/Roboto-Bold.ttf" 149
"../../../Engine/Content/Slate/Fonts/Roboto-Light.ttf" 150
"E:/UDK/UDK4/Epic Games/4.7/Engine/Binaries/Win64/../../../Engine/Shaders/ParticleSpriteVertexFactory.usf" 151
"E:/UDK/UDK4/Epic Games/4.7/Engine/Binaries/Win64/../../../Engine/Shaders/VertexFactoryCommon.usf" 152
"E:/UDK/UDK4/Epic Games/4.7/Engine/Binaries/Win64/../../../Engine/Shaders/Common.usf" 153
"E:/UDK/UDK4/Epic Games/4.7/Engine/Binaries/Win64/../../../Engine/Shaders/MetalCommon.usf" 154
"E:/UDK/UDK4/Epic Games/4.7/Engine/Binaries/Win64/../../../Engine/Shaders/ShaderVersion.usf" 155
"E:/UDK/UDK4/Epic Games/4.7/Engine/Binaries/Win64/../../../Engine/Shaders/Definitions.usf" 156
"E:/UDK/UDK4/Epic Games/4.7/Engine/Binaries/Win64/../../../Engine/Shaders/Random.usf" 157
"E:/UDK/UDK4/Epic Games/4.7/Engine/Binaries/Win64/../../../Engine/Shaders/ParticleVertexFactoryCommon.usf" 158
"E:/UDK/UDK4/Epic Games/4.7/Engine/Binaries/Win64/../../../Engine/Shaders/ParticleGPUSpriteVertexFactory.usf" 159
"E:/UDK/UDK4/Epic Games/4.7/Engine/Binaries/Win64/../../../Engine/Shaders/ParticleBeamTrailVertexFactory.usf" 160
"E:/UDK/UDK4/Epic Games/4.7/Engine/Binaries/Win64/../../../Engine/Shaders/VectorFieldVisualizationVertexFactory.usf" 161
"E:/UDK/UDK4/Epic Games/4.7/Engine/Binaries/Win64/../../../Engine/Shaders/LocalVertexFactory.usf" 162
"E:/UDK/UDK4/Epic Games/4.7/Engine/Binaries/Win64/../../../Engine/Shaders/LocalVertexFactoryCommon.usf" 163
"E:/UDK/UDK4/Epic Games/4.7/Engine/Binaries/Win64/../../../Engine/Shaders/MeshParticleVertexFactory.usf" 164
"E:/UDK/UDK4/Epic Games/4.7/Engine/Binaries/Win64/../../../Engine/Shaders/GpuSkinVertexFactory.usf" 165
"E:/UDK/UDK4/Epic Games/4.7/Engine/Binaries/Win64/../../../Engine/Shaders/GpuSkinCacheCommon.usf" 166
"E:/UDK/UDK4/Epic Games/4.7/Engine/Binaries/Win64/../../../Engine/Shaders/LandscapeVertexFactory.usf" 167
"E:/UDK/UDK4/Epic Games/4.7/Engine/Binaries/Win64/../../../Engine/Shaders/SlateElementPixelShader.usf" 168
"E:/UDK/UDK4/Epic Games/4.7/Engine/Binaries/Win64/../../../Engine/Shaders/MaterialTemplate.usf" 169
"E:/UDK/UDK4/Epic Games/4.7/Engine/Binaries/Win64/../../../Engine/Shaders/DepthOfFieldCommon.usf" 170
"E:/UDK/UDK4/Epic Games/4.7/Engine/Binaries/Win64/../../../Engine/Shaders/SpeedTreeCommon.usf" 171
"E:/UDK/UDK4/Epic Games/4.7/Engine/Binaries/Win64/../../../Engine/Shaders/AtmosphereCommon.usf" 172
"E:/UDK/UDK4/Epic Games/4.7/Engine/Binaries/Win64/../../../Engine/Shaders/PostProcessCommon.usf" 173
"E:/UDK/UDK4/Epic Games/4.7/Engine/Binaries/Win64/../../../Engine/Shaders/DeferredShadingCommon.usf" 174
"E:/UDK/UDK4/Epic Games/4.7/Engine/Binaries/Win64/../../../Engine/Shaders/LightAccumulator.usf" 175
"E:/UDK/UDK4/Epic Games/4.7/Engine/Binaries/Win64/../../../Engine/Shaders/SlateVertexShader.usf" 176
"E:/UDK/UDK4/Epic Games/4.7/Engine/Binaries/Win64/../../../Engine/Shaders/OneColorShader.usf" 177
"E:/UDK/UDK4/Epic Games/4.7/Engine/Binaries/Win64/../../../Engine/Shaders/ResolveVertexShader.usf" 178
"E:/UDK/UDK4/Epic Games/4.7/Engine/Binaries/Win64/../../../Engine/Shaders/ResolvePixelShader.usf" 179
"E:/UDK/UDK4/Epic Games/4.7/Engine/Binaries/Win64/../../../Engine/Shaders/VisualizeTexture.usf" 180
"E:/UDK/UDK4/Epic Games/4.7/Engine/Binaries/Win64/../../../Engine/Shaders/ScreenSpaceReflections.usf" 181
"E:/UDK/UDK4/Epic Games/4.7/Engine/Binaries/Win64/../../../Engine/Shaders/BRDF.usf" 182
"E:/UDK/UDK4/Epic Games/4.7/Engine/Binaries/Win64/../../../Engine/Shaders/MonteCarlo.usf" 183
"E:/UDK/UDK4/Epic Games/4.7/Engine/Binaries/Win64/../../../Engine/Shaders/FilterVertexShader.usf" 184
"E:/UDK/UDK4/Epic Games/4.7/Engine/Binaries/Win64/../../../Engine/Shaders/FilterPixelShader.usf" 185
"E:/UDK/UDK4/Epic Games/4.7/Engine/Binaries/Win64/../../../Engine/Shaders/PostProcessVisualizeHDR.usf" 186
"E:/UDK/UDK4/Epic Games/4.7/Engine/Binaries/Win64/../../../Engine/Shaders/PostProcessHistogramCommon.usf" 187
"E:/UDK/UDK4/Epic Games/4.7/Engine/Binaries/Win64/../../../Engine/Shaders/TonemapCommon.usf" 188
"E:/UDK/UDK4/Epic Games/4.7/Engine/Binaries/Win64/../../../Engine/Shaders/MiniFontCommon.usf" 189
"E:/UDK/UDK4/Epic Games/4.7/Engine/Binaries/Win64/../../../Engine/Shaders/PostProcessVisualizeBuffer.usf" 190
"E:/UDK/UDK4/Epic Games/4.7/Engine/Binaries/Win64/../../../Engine/Shaders/PostProcessUpscale.usf" 191
"E:/UDK/UDK4/Epic Games/4.7/Engine/Binaries/Win64/../../../Engine/Shaders/PostProcessTonemap.usf" 192
"E:/UDK/UDK4/Epic Games/4.7/Engine/Binaries/Win64/../../../Engine/Shaders/PostProcessTestImage.usf" 193
"E:/UDK/UDK4/Epic Games/4.7/Engine/Binaries/Win64/../../../Engine/Shaders/PostProcessTemporalAA.usf" 194
"E:/UDK/UDK4/Epic Games/4.7/Engine/Binaries/Win64/../../../Engine/Shaders/PostProcessTemporalCommon.usf" 195
"E:/UDK/UDK4/Epic Games/4.7/Engine/Binaries/Win64/../../../Engine/Shaders/PostProcessSubsurface.usf" 196
"E:/UDK/UDK4/Epic Games/4.7/Engine/Binaries/Win64/../../../Engine/Shaders/SeparableSSS.usf" 197
"E:/UDK/UDK4/Epic Games/4.7/Engine/Binaries/Win64/../../../Engine/Shaders/PostProcessSelectionOutline.usf" 198
"E:/UDK/UDK4/Epic Games/4.7/Engine/Binaries/Win64/../../../Engine/Shaders/PostProcessSceneColorFringe.usf" 199
"E:/UDK/UDK4/Epic Games/4.7/Engine/Binaries/Win64/../../../Engine/Shaders/PostProcessNoiseBlur.usf" 200
"E:/UDK/UDK4/Epic Games/4.7/Engine/Binaries/Win64/../../../Engine/Shaders/PostProcessMotionBlur.usf" 201
"E:/UDK/UDK4/Epic Games/4.7/Engine/Binaries/Win64/../../../Engine/Shaders/PostProcessMobile.usf" 202
"E:/UDK/UDK4/Epic Games/4.7/Engine/Binaries/Win64/../../../Engine/Shaders/PostProcessMaterialShaders.usf" 203
"E:/UDK/UDK4/Epic Games/4.7/Engine/Binaries/Win64/../../../Engine/Shaders/PostProcessLensFlares.usf" 204
"E:/UDK/UDK4/Epic Games/4.7/Engine/Binaries/Win64/../../../Engine/Shaders/PostProcessLensBlur.usf" 205
"E:/UDK/UDK4/Epic Games/4.7/Engine/Binaries/Win64/../../../Engine/Shaders/PostProcessBloom.usf" 206
"E:/UDK/UDK4/Epic Games/4.7/Engine/Binaries/Win64/../../../Engine/Shaders/PostProcessHMD.usf" 207
"E:/UDK/UDK4/Epic Games/4.7/Engine/Binaries/Win64/../../../Engine/Shaders/PostProcessHistogramReduce.usf" 208
"E:/UDK/UDK4/Epic Games/4.7/Engine/Binaries/Win64/../../../Engine/Shaders/PostProcessHistogram.usf" 209
"E:/UDK/UDK4/Epic Games/4.7/Engine/Binaries/Win64/../../../Engine/Shaders/PostProcessGBufferHints.usf" 210
"E:/UDK/UDK4/Epic Games/4.7/Engine/Binaries/Win64/../../../Engine/Shaders/PostProcessEyeAdaptation.usf" 211
"E:/UDK/UDK4/Epic Games/4.7/Engine/Binaries/Win64/../../../Engine/Shaders/PostProcessDownsample.usf" 212
"E:/UDK/UDK4/Epic Games/4.7/Engine/Binaries/Win64/../../../Engine/Shaders/PostProcessDOF.usf" 213
"E:/UDK/UDK4/Epic Games/4.7/Engine/Binaries/Win64/../../../Engine/Shaders/PostProcessCompositeEditorPrimitives.usf" 214
"E:/UDK/UDK4/Epic Games/4.7/Engine/Binaries/Win64/../../../Engine/Shaders/PostProcessCombineLUTs.usf" 215
"E:/UDK/UDK4/Epic Games/4.7/Engine/Binaries/Win64/../../../Engine/Shaders/PostProcessBusyWait.usf" 216
"E:/UDK/UDK4/Epic Games/4.7/Engine/Binaries/Win64/../../../Engine/Shaders/PostProcessBokehDOF.usf" 217
"E:/UDK/UDK4/Epic Games/4.7/Engine/Binaries/Win64/../../../Engine/Shaders/FXAAShader.usf" 218
"E:/UDK/UDK4/Epic Games/4.7/Engine/Binaries/Win64/../../../Engine/Shaders/Fxaa3_11.usf" 219
"E:/UDK/UDK4/Epic Games/4.7/Engine/Binaries/Win64/../../../Engine/Shaders/PostProcessPassThrough.usf" 220
"E:/UDK/UDK4/Epic Games/4.7/Engine/Binaries/Win64/../../../Engine/Shaders/PostProcessLpvIndirect.usf" 221
"E:/UDK/UDK4/Epic Games/4.7/Engine/Binaries/Win64/../../../Engine/Shaders/DeferredLightingCommon.usf" 222
"E:/UDK/UDK4/Epic Games/4.7/Engine/Binaries/Win64/../../../Engine/Shaders/DynamicLightingCommon.usf" 223
"E:/UDK/UDK4/Epic Games/4.7/Engine/Binaries/Win64/../../../Engine/Shaders/IESLightProfilesCommon.usf" 224
"E:/UDK/UDK4/Epic Games/4.7/Engine/Binaries/Win64/../../../Engine/Shaders/LPVFinalPass.usf" 225
"E:/UDK/UDK4/Epic Games/4.7/Engine/Binaries/Win64/../../../Engine/Shaders/LPVCommon.usf" 226
"E:/UDK/UDK4/Epic Games/4.7/Engine/Binaries/Win64/../../../Engine/Shaders/DeferredDecal.usf" 227
"E:/UDK/UDK4/Epic Games/4.7/Engine/Binaries/Win64/../../../Engine/Shaders/PostProcessAmbientOcclusion.usf" 228
"E:/UDK/UDK4/Epic Games/4.7/Engine/Binaries/Win64/../../../Engine/Shaders/PostProcessAmbient.usf" 229
"E:/UDK/UDK4/Epic Games/4.7/Engine/Binaries/Win64/../../../Engine/Shaders/CubemapCommon.usf" 230
"E:/UDK/UDK4/Epic Games/4.7/Engine/Binaries/Win64/../../../Engine/Shaders/VelocityShader.usf" 231
"E:/UDK/UDK4/Epic Games/4.7/Engine/Binaries/Win64/../../../Engine/Shaders/Tessellation.usf" 232
"E:/UDK/UDK4/Epic Games/4.7/Engine/Binaries/Win64/../../../Engine/Shaders/FlatTessellation.usf" 233
"E:/UDK/UDK4/Epic Games/4.7/Engine/Binaries/Win64/../../../Engine/Shaders/PNTriangles.usf" 234
"E:/UDK/UDK4/Epic Games/4.7/Engine/Binaries/Win64/../../../Engine/Shaders/TranslucentLightingShaders.usf" 235
"E:/UDK/UDK4/Epic Games/4.7/Engine/Binaries/Win64/../../../Engine/Shaders/SHCommon.usf" 236
"E:/UDK/UDK4/Epic Games/4.7/Engine/Binaries/Win64/../../../Engine/Shaders/ShadowProjectionCommon.usf" 237
"E:/UDK/UDK4/Epic Games/4.7/Engine/Binaries/Win64/../../../Engine/Shaders/TranslucentLightInjectionShaders.usf" 238
"E:/UDK/UDK4/Epic Games/4.7/Engine/Binaries/Win64/../../../Engine/Shaders/LightFunctionCommon.usf" 239
"E:/UDK/UDK4/Epic Games/4.7/Engine/Binaries/Win64/../../../Engine/Shaders/TranslucentShadowDepthShaders.usf" 240
"E:/UDK/UDK4/Epic Games/4.7/Engine/Binaries/Win64/../../../Engine/Shaders/ShadowDepthCommon.usf" 241
"E:/UDK/UDK4/Epic Games/4.7/Engine/Binaries/Win64/../../../Engine/Shaders/TiledDeferredLightShaders.usf" 242
"E:/UDK/UDK4/Epic Games/4.7/Engine/Binaries/Win64/../../../Engine/Shaders/ShadowProjectionPixelShader.usf" 243
"E:/UDK/UDK4/Epic Games/4.7/Engine/Binaries/Win64/../../../Engine/Shaders/ShadowFilteringCommon.usf" 244
"E:/UDK/UDK4/Epic Games/4.7/Engine/Binaries/Win64/../../../Engine/Shaders/ShadowProjectionVertexShader.usf" 245
"E:/UDK/UDK4/Epic Games/4.7/Engine/Binaries/Win64/../../../Engine/Shaders/ShadowDepthPixelShader.usf" 246
"E:/UDK/UDK4/Epic Games/4.7/Engine/Binaries/Win64/../../../Engine/Shaders/LPVWriteVplCommon.usf" 247
"E:/UDK/UDK4/Epic Games/4.7/Engine/Binaries/Win64/../../../Engine/Shaders/LPVWriteCommon.usf" 248
"E:/UDK/UDK4/Epic Games/4.7/Engine/Binaries/Win64/../../../Engine/Shaders/ShadowDepthVertexShader.usf" 249
"E:/UDK/UDK4/Epic Games/4.7/Engine/Binaries/Win64/../../../Engine/Shaders/ShaderComplexityApplyPixelShader.usf" 250
"E:/UDK/UDK4/Epic Games/4.7/Engine/Binaries/Win64/../../../Engine/Shaders/ShaderComplexityApplyVertexShader.usf" 251
"E:/UDK/UDK4/Epic Games/4.7/Engine/Binaries/Win64/../../../Engine/Shaders/ShaderComplexityAccumulatePixelShader.usf" 252
"E:/UDK/UDK4/Epic Games/4.7/Engine/Binaries/Win64/../../../Engine/Shaders/HZBOcclusion.usf" 253
"E:/UDK/UDK4/Epic Games/4.7/Engine/Binaries/Win64/../../../Engine/Shaders/OcclusionQueryVertexShader.usf" 254
"E:/UDK/UDK4/Epic Games/4.7/Engine/Binaries/Win64/../../../Engine/Shaders/HitProxyPixelShader.usf" 255
"E:/UDK/UDK4/Epic Games/4.7/Engine/Binaries/Win64/../../../Engine/Shaders/HitProxyVertexShader.usf" 256
"E:/UDK/UDK4/Epic Games/4.7/Engine/Binaries/Win64/../../../Engine/Shaders/ReflectionEnvironmentShaders.usf" 257
"E:/UDK/UDK4/Epic Games/4.7/Engine/Binaries/Win64/../../../Engine/Shaders/ReflectionEnvironmentShared.usf" 258
"E:/UDK/UDK4/Epic Games/4.7/Engine/Binaries/Win64/../../../Engine/Shaders/SkyLightingShared.usf" 259
"E:/UDK/UDK4/Epic Games/4.7/Engine/Binaries/Win64/../../../Engine/Shaders/ReflectionEnvironmentComputeShaders.usf" 260
"E:/UDK/UDK4/Epic Games/4.7/Engine/Binaries/Win64/../../../Engine/Shaders/LightShaftShader.usf" 261
"E:/UDK/UDK4/Epic Games/4.7/Engine/Binaries/Win64/../../../Engine/Shaders/StationaryLightOverlapShaders.usf" 262
"E:/UDK/UDK4/Epic Games/4.7/Engine/Binaries/Win64/../../../Engine/Shaders/DeferredLightPixelShaders.usf" 263
"E:/UDK/UDK4/Epic Games/4.7/Engine/Binaries/Win64/../../../Engine/Shaders/DeferredLightVertexShaders.usf" 264
"E:/UDK/UDK4/Epic Games/4.7/Engine/Binaries/Win64/../../../Engine/Shaders/LPVVisualise.usf" 265
"E:/UDK/UDK4/Epic Games/4.7/Engine/Binaries/Win64/../../../Engine/Shaders/LPVGeometryVolumeCommon.usf" 266
"E:/UDK/UDK4/Epic Games/4.7/Engine/Binaries/Win64/../../../Engine/Shaders/LPVDirectLightInject.usf" 267
"E:/UDK/UDK4/Epic Games/4.7/Engine/Binaries/Win64/../../../Engine/Shaders/LPVPropagate.usf" 268
"E:/UDK/UDK4/Epic Games/4.7/Engine/Binaries/Win64/../../../Engine/Shaders/LPVBuildGeometryVolume.usf" 269
"E:/UDK/UDK4/Epic Games/4.7/Engine/Binaries/Win64/../../../Engine/Shaders/LPVInject_AccumulateVplLists.usf" 270
"E:/UDK/UDK4/Epic Games/4.7/Engine/Binaries/Win64/../../../Engine/Shaders/LPVInject_GenerateVplLists.usf" 271
"E:/UDK/UDK4/Epic Games/4.7/Engine/Binaries/Win64/../../../Engine/Shaders/LPVClearLists.usf" 272
"E:/UDK/UDK4/Epic Games/4.7/Engine/Binaries/Win64/../../../Engine/Shaders/LPVClear.usf" 273
"E:/UDK/UDK4/Epic Games/4.7/Engine/Binaries/Win64/../../../Engine/Shaders/LightMapDensityShader.usf" 274
"E:/UDK/UDK4/Epic Games/4.7/Engine/Binaries/Win64/../../../Engine/Shaders/LightFunctionPixelShader.usf" 275
"E:/UDK/UDK4/Epic Games/4.7/Engine/Binaries/Win64/../../../Engine/Shaders/LightFunctionVertexShader.usf" 276
"E:/UDK/UDK4/Epic Games/4.7/Engine/Binaries/Win64/../../../Engine/Shaders/HdrCustomResolveShaders.usf" 277
"E:/UDK/UDK4/Epic Games/4.7/Engine/Binaries/Win64/../../../Engine/Shaders/GPUBenchmark.usf" 278
"E:/UDK/UDK4/Epic Games/4.7/Engine/Binaries/Win64/../../../Engine/Shaders/GammaCorrection.usf" 279
"E:/UDK/UDK4/Epic Games/4.7/Engine/Binaries/Win64/../../../Engine/Shaders/BasePassForForwardShadingPixelShader.usf" 280
"E:/UDK/UDK4/Epic Games/4.7/Engine/Binaries/Win64/../../../Engine/Shaders/BasePassForForwardShadingCommon.usf" 281
"E:/UDK/UDK4/Epic Games/4.7/Engine/Binaries/Win64/../../../Engine/Shaders/LightmapCommon.usf" 282
"E:/UDK/UDK4/Epic Games/4.7/Engine/Binaries/Win64/../../../Engine/Shaders/BasePassForForwardShadingVertexShader.usf" 283
"E:/UDK/UDK4/Epic Games/4.7/Engine/Binaries/Win64/../../../Engine/Shaders/HeightFogCommon.usf" 284
"E:/UDK/UDK4/Epic Games/4.7/Engine/Binaries/Win64/../../../Engine/Shaders/HeightFogPixelShader.usf" 285
"E:/UDK/UDK4/Epic Games/4.7/Engine/Binaries/Win64/../../../Engine/Shaders/HeightFogVertexShader.usf" 286
"E:/UDK/UDK4/Epic Games/4.7/Engine/Binaries/Win64/../../../Engine/Shaders/DistortAccumulatePS.usf" 287
"E:/UDK/UDK4/Epic Games/4.7/Engine/Binaries/Win64/../../../Engine/Shaders/DistortAccumulateVS.usf" 288
"E:/UDK/UDK4/Epic Games/4.7/Engine/Binaries/Win64/../../../Engine/Shaders/DistortApplyScreenPS.usf" 289
"E:/UDK/UDK4/Epic Games/4.7/Engine/Binaries/Win64/../../../Engine/Shaders/DistanceFieldSurfaceCacheLighting.usf" 290
"E:/UDK/UDK4/Epic Games/4.7/Engine/Binaries/Win64/../../../Engine/Shaders/DistanceFieldLightingShared.usf" 291
"E:/UDK/UDK4/Epic Games/4.7/Engine/Binaries/Win64/../../../Engine/Shaders/DistanceFieldAOShared.usf" 292
"E:/UDK/UDK4/Epic Games/4.7/Engine/Binaries/Win64/../../../Engine/Shaders/SkyLighting.usf" 293
"E:/UDK/UDK4/Epic Games/4.7/Engine/Binaries/Win64/../../../Engine/Shaders/DistanceFieldSurfaceCacheLightingCompute.usf" 294
"E:/UDK/UDK4/Epic Games/4.7/Engine/Binaries/Win64/../../../Engine/Shaders/DistanceFieldShadowing.usf" 295
"E:/UDK/UDK4/Epic Games/4.7/Engine/Binaries/Win64/../../../Engine/Shaders/DepthOnlyPixelShader.usf" 296
"E:/UDK/UDK4/Epic Games/4.7/Engine/Binaries/Win64/../../../Engine/Shaders/DepthOnlyVertexShader.usf" 297
"E:/UDK/UDK4/Epic Games/4.7/Engine/Binaries/Win64/../../../Engine/Shaders/PositionOnlyDepthVertexShader.usf" 298
"E:/UDK/UDK4/Epic Games/4.7/Engine/Binaries/Win64/../../../Engine/Shaders/DownsampleDepthPixelShader.usf" 299
"E:/UDK/UDK4/Epic Games/4.7/Engine/Binaries/Win64/../../../Engine/Shaders/BasePassPixelShader.usf" 300
"E:/UDK/UDK4/Epic Games/4.7/Engine/Binaries/Win64/../../../Engine/Shaders/BasePassCommon.usf" 301
"E:/UDK/UDK4/Epic Games/4.7/Engine/Binaries/Win64/../../../Engine/Shaders/BasePassVertexShader.usf" 302
"E:/UDK/UDK4/Epic Games/4.7/Engine/Binaries/Win64/../../../Engine/Shaders/BasePassVertexCommon.usf" 303
"E:/UDK/UDK4/Epic Games/4.7/Engine/Binaries/Win64/../../../Engine/Shaders/BasePassTessellationShaders.usf" 304
"E:/UDK/UDK4/Epic Games/4.7/Engine/Binaries/Win64/../../../Engine/Shaders/AtmospherePrecompute.usf" 305
"E:/UDK/UDK4/Epic Games/4.7/Engine/Binaries/Win64/../../../Engine/Shaders/AtmospherePrecomputeCommon.usf" 306
"E:/UDK/UDK4/Epic Games/4.7/Engine/Binaries/Win64/../../../Engine/Shaders/AtmospherePrecomputeInscatter.usf" 307
"E:/UDK/UDK4/Epic Games/4.7/Engine/Binaries/Win64/../../../Engine/Shaders/AtmosphericFogShader.usf" 308
"E:/UDK/UDK4/Epic Games/4.7/Engine/Binaries/Win64/../../../Engine/Shaders/ParticleSortKeyGen.usf" 309
"E:/UDK/UDK4/Epic Games/4.7/Engine/Binaries/Win64/../../../Engine/Shaders/ParticleBoundsShader.usf" 310
"E:/UDK/UDK4/Epic Games/4.7/Engine/Binaries/Win64/../../../Engine/Shaders/ParticleSimVisualizeShader.usf" 311
"E:/UDK/UDK4/Epic Games/4.7/Engine/Binaries/Win64/../../../Engine/Shaders/ParticleInjectionShader.usf" 312
"E:/UDK/UDK4/Epic Games/4.7/Engine/Binaries/Win64/../../../Engine/Shaders/ParticleSimulationShader.usf" 313
"E:/UDK/UDK4/Epic Games/4.7/Engine/Binaries/Win64/../../../Engine/Shaders/ParticleCurveInjectionShader.usf" 314
"E:/UDK/UDK4/Epic Games/4.7/Engine/Binaries/Win64/../../../Engine/Shaders/VectorFieldCompositeShaders.usf" 315
"E:/UDK/UDK4/Epic Games/4.7/Engine/Binaries/Win64/../../../Engine/Shaders/UpdateTextureShaders.usf" 316
"E:/UDK/UDK4/Epic Games/4.7/Engine/Binaries/Win64/../../../Engine/Shaders/SimpleElementColorChannelMaskPixelShader.usf" 317
"E:/UDK/UDK4/Epic Games/4.7/Engine/Binaries/Win64/../../../Engine/Shaders/SimpleElementHitProxyPixelShader.usf" 318
"E:/UDK/UDK4/Epic Games/4.7/Engine/Binaries/Win64/../../../Engine/Shaders/SimpleElementPixelShader.usf" 319
"E:/UDK/UDK4/Epic Games/4.7/Engine/Binaries/Win64/../../../Engine/Shaders/ColorUtils.usf" 320
"E:/UDK/UDK4/Epic Games/4.7/Engine/Binaries/Win64/../../../Engine/Shaders/SimpleElementVertexShader.usf" 321
"E:/UDK/UDK4/Epic Games/4.7/Engine/Binaries/Win64/../../../Engine/Shaders/ScreenVertexShader.usf" 322
"E:/UDK/UDK4/Epic Games/4.7/Engine/Binaries/Win64/../../../Engine/Shaders/ScreenPixelShader.usf" 323
"E:/UDK/UDK4/Epic Games/4.7/Engine/Binaries/Win64/../../../Engine/Shaders/RadixSortShaders.usf" 324
"E:/UDK/UDK4/Epic Games/4.7/Engine/Binaries/Win64/../../../Engine/Shaders/GpuSkinCacheComputeShader.usf" 325
"E:/UDK/UDK4/Epic Games/4.7/Engine/Binaries/Win64/../../../Engine/Shaders/NullPixelShader.usf" 326
"E:/UDK/UDK4/Epic Games/4.7/Engine/Binaries/Win64/../../../Engine/Shaders/ClearReplacementShaders.usf" 327
"E:/UDK/UDK4/Epic Games/4.7/Engine/Binaries/Win64/../../../Engine/Shaders/SimpleElementTexture2DPreviewPixelShader.usf" 328
"E:/UDK/UDK4/Epic Games/4.7/Engine/Binaries/Win64/../../../Engine/Shaders/SimpleElementNormalMapPixelShader.usf" 329
"E:/UDK/UDK4/Epic Games/4.7/Engine/Binaries/Win64/../../../Engine/Shaders/meshpaintdilatepixelshader.usf" 330
"E:/UDK/UDK4/Epic Games/4.7/Engine/Binaries/Win64/../../../Engine/Shaders/meshpaintdilatevertexshader.usf" 331
"E:/UDK/UDK4/Epic Games/4.7/Engine/Binaries/Win64/../../../Engine/Shaders/MeshPaintPixelShader.usf" 332
"E:/UDK/UDK4/Epic Games/4.7/Engine/Binaries/Win64/../../../Engine/Shaders/MeshPaintVertexShader.usf" 333
"../../../Engine/Config/Android/AndroidEngine.ini" 334
"../../../Engine/Config/HTML5/HTML5Engine.ini" 335
"../../../Engine/Config/IOS/IOSEngine.ini" 336
"../../../Engine/Config/Linux/LinuxEngine.ini" 337
"C:/Users/Christian/AppData/Local/UnrealEngine/4.7/DerivedDataCache/Boot.ddc" 338
"../../../Engine/DerivedDataCache/Compressed.ddp" 339
"../../../Engine/Content/EditorResources/S_Actor.uasset" 340
"../../../Engine/Content/EditorLandscapeResources/DataLayer.uasset" 341
"../../../Engine/Content/Maps/Templates/Thumbnails/Default.uasset" 342
"../../../Engine/Content/EditorMaterials/ParticleSystems/PSysThumbnail_NoImage.uasset" 343
"../../../Engine/Content/EditorMaterials/ParticleSystems/PSysThumbnail_OOD.uasset" 344
"../../../Engine/Content/EngineFonts/Roboto.uasset" 345
"../../../Engine/Content/EngineMaterials/Widget3DPassThrough_Translucent.uasset" 346
"../../../Engine/Content/EngineMaterials/Widget3DPassThrough.uasset" 347
"../../../Engine/Content/EngineResources/WhiteSquareTexture.uasset" 348
"../../../Engine/Content/Functions/Engine_MaterialFunctions01/Shading/PowerToRoughness.uasset" 349
"../../../Engine/Content/Functions/Engine_MaterialFunctions01/Shading/ConvertFromDiffSpec.uasset" 350
"../../../Engine/Content/EngineMaterials/WorldGridMaterial.uasset" 351
"../../../Engine/Content/Functions/Engine_MaterialFunctions01/Opacity/CameraDepthFade.uasset" 352
"../../../Engine/Content/EngineMaterials/T_Default_Material_Grid_M.uasset" 353
"../../../Engine/Content/EngineMaterials/T_Default_Material_Grid_N.uasset" 354
"../../../Engine/Content/EngineMaterials/DefaultDeferredDecalMaterial.uasset" 355
"../../../Engine/Content/EngineMaterials/DefaultDiffuse.uasset" 356
"../../../Engine/Content/EngineMaterials/DefaultLightFunctionMaterial.uasset" 357
"../../../Engine/Content/EngineMaterials/DefaultPostProcessMaterial.uasset" 358
"../../../Engine/Content/Functions/Engine_MaterialFunctions02/Utility/BreakOutFloat2Components.uasset" 359
"../../../Engine/Content/EngineResources/DefaultTexture.uasset" 360
"../../../Engine/Content/EngineMaterials/Widget3DPassThrough_Translucent_OneSided.uasset" 361
"../../../Engine/Content/EngineMaterials/Widget3DPassThrough_Opaque.uasset" 362
"../../../Engine/Content/EngineMaterials/Widget3DPassThrough_Opaque_OneSided.uasset" 363
"../../../Engine/Content/EngineDamageTypes/DmgTypeBP_Environmental.uasset" 364
"../../../Engine/Content/EngineMeshes/Sphere.uasset" 365
"../../../Engine/Content/EngineFonts/RobotoDistanceField.uasset" 366
"../../../Engine/Content/EngineMaterials/DefaultTextMaterialOpaque.uasset" 367
"../../../Engine/Content/EditorResources/S_Trigger.uasset" 368
"../../../Engine/Content/EngineResources/GradientTexture0.uasset" 369
"../../../Engine/Content/EngineResources/Black.uasset" 370
"../../../Engine/Content/EditorMaterials/MatineeGroups/MAT_Groups_Float.uasset" 371
"../../../Engine/Content/EditorMaterials/MatineeGroups/MAT_Groups_Director.uasset" 372
"../../../Engine/Content/EditorMaterials/MatineeGroups/MAT_Groups_Event.uasset" 373
"../../../Engine/Content/EditorMaterials/MatineeGroups/MAT_Groups_Anim.uasset" 374
"../../../Engine/Content/EditorMaterials/MatineeGroups/MAT_Groups_Fade.uasset" 375
"../../../Engine/Content/EditorMaterials/MatineeGroups/MAT_Groups_Move.uasset" 376
"../../../Engine/Content/EditorMaterials/MatineeGroups/MAT_Groups_Slomo.uasset" 377
"../../../Engine/Content/EditorMaterials/MatineeGroups/MAT_ColorTrack.uasset" 378
"../../../Engine/Content/EditorMaterials/MAT_Groups_Toggle.uasset" 379
"../../../Engine/Content/EditorMaterials/MatineeGroups/MAT_Groups_AudioMaster.uasset" 380
"../../../Engine/Content/EditorMaterials/MatineeGroups/MAT_Groups_Sound.uasset" 381
"../../../Engine/Content/EditorMaterials/MatineeGroups/MAT_Groups_Vector.uasset" 382
"../../../Engine/Content/EditorMaterials/MAT_Groups_Visibility.uasset" 383
"../../../Engine/Content/EngineResources/DefaultTextureCube.uasset" 384
"../../../Engine/Content/EngineSounds/Master.uasset" 385
"../../../Engine/Content/EngineSounds/Music.uasset" 386
"../../../Engine/Content/EngineSounds/SFX.uasset" 387
"../../../Engine/Content/EngineSounds/Normal_Attack.uasset" 388
"../../../Engine/Content/EngineSounds/Special_Attack_PSM.uasset" 389
"../../../Engine/Content/EngineSounds/Duck_Normal_Attack_MixMod.uasset" 390
"../../../Engine/Content/EngineSounds/Voice.uasset" 391
"../../../Engine/Content/EngineMeshes/Cylinder.uasset" 392
"../../../Engine/Content/EngineMaterials/DefaultMaterial.uasset" 393
"../../../Engine/Content/EngineTireTypes/DefaultTireType.uasset" 394
"../../../Engine/Content/Editor/Slate/Fonts/FontAwesome.ttf" 395
"../../../Engine/Content/Editor/Slate/Fonts/DroidSansMono.ttf" 396
"../../../Engine/Content/Editor/Slate/Fonts/Roboto-BoldCondensed.ttf" 397
"../../../Engine/Content/Editor/Slate/Fonts/Roboto-Black.ttf" 398
"../../../Engine/Content/Editor/Slate/Fonts/Roboto-Italic.ttf" 399
"../../../Engine/Content/Editor/Slate/Fonts/Roboto-BoldCondensedItalic.ttf" 400
"../../../Engine/Plugins/2D/Paper2D/Content/MaskedUnlitSpriteMaterial.uasset" 401
"../../../Engine/Plugins/2D/Paper2D/Content/DefaultSpriteMaterial.uasset" 402
"../../../Engine/Plugins/2D/Paper2D/Content/DummySpriteTexture.uasset" 403
"../../../Engine/Plugins/2D/Paper2D/Content/OpaqueUnlitSpriteMaterial.uasset" 404
"../../../Engine/Plugins/2D/Paper2D/Content/DefaultPaperTerrainMaterial.uasset" 405
"../../../Engine/Plugins/2D/Paper2D/Content/DummySprite.uasset" 406
"C:/Users/Christian/AppData/Local/UnrealEngine/4.7/Saved/Config/Windows/SourceControlSettings.ini" 407
"../../../../../../../Program Files (x86)/Unreal Projects/Ping_Pong_Clone/Intermediate/Config/CoalescedSourceConfigs/SourceControlSettings.ini" 408
"E:/Program Files (x86)/Unreal Projects/Ping_Pong_Clone/Saved/Config/Windows/SourceControlSettings.ini" 409
"../../../Engine/Content/EngineMaterials/RemoveSurfaceMaterial.uasset" 410
"../../../Engine/Content/EngineDebugMaterials/DebugMeshMaterial.uasset" 411
"../../../Engine/Content/EngineMaterials/M_InvalidLightmapSettings.uasset" 412
"../../../Engine/Content/EngineMaterials/InvalidLightmapSettings.uasset" 413
"../../../Engine/Content/EditorMaterials/GizmoMaterial.uasset" 414
"../../../Engine/Content/EngineMaterials/Good64x64TilingNoiseHighFreq.uasset" 415
"../../../Engine/Content/EngineMaterials/DefaultBokeh.uasset" 416
"../../../Engine/Content/EngineMaterials/PreintegratedSkinBRDF.uasset" 417
"../../../Engine/Content/EngineMaterials/MiniFont.uasset" 418
"../../../Engine/Content/EngineMaterials/WeightMapPlaceholderTexture.uasset" 419
"../../../Engine/Content/EngineMaterials/DefaultWhiteGrid.uasset" 420
"../../../Engine/Content/EngineMaterials/DefaultPhysicalMaterial.uasset" 421
"../../../Engine/Content/EngineFonts/RobotoTiny.uasset" 422
"../../../../../../../Program Files (x86)/Unreal Projects/Ping_Pong_Clone/Intermediate/CachedAssetRegistry.bin" 423
"../../../Engine/Content/MobileResources/HUD/VirtualJoystick_Thumb.uasset" 424
"../../../Engine/Content/MobileResources/HUD/VirtualJoystick_Background.uasset" 425
"../../../Engine/Content/MobileResources/HUD/T_Castle_ThumbstickOutter.uasset" 426
"../../../Engine/Content/MobileResources/HUD/T_Castle_ThumbstickInner.uasset" 427
"../../../Engine/Content/MobileResources/HUD/MobileHUDDirectionStick.uasset" 428
"../../../Engine/Content/MobileResources/HUD/MobileHUDDirectionPad3.uasset" 429
"../../../Engine/Content/MobileResources/HUD/MobileHUDDirectionPad2.uasset" 430
"../../../Engine/Content/MobileResources/HUD/MobileHUDDirectionPad.uasset" 431
"../../../Engine/Content/MobileResources/HUD/MobileHUDButtonFire.uasset" 432
"../../../Engine/Content/MobileResources/HUD/MobileHUDButton3.uasset" 433
"../../../Engine/Content/MobileResources/HUD/MobileHUDButton2_on.uasset" 434
"../../../Engine/Content/MobileResources/HUD/MobileHUDButton2_off.uasset" 435
"../../../Engine/Content/MobileResources/HUD/MobileHUDButton1_on.uasset" 436
"../../../Engine/Content/MobileResources/HUD/MobileHUDButton1_off.uasset" 437
"../../../Engine/Content/MobileResources/HUD/LeftVirtualJoystickOnly.uasset" 438
"../../../Engine/Content/MobileResources/HUD/DefaultVirtualJoysticks.uasset" 439
"../../../Engine/Content/MobileResources/HUD/AnalogHat.uasset" 440
"../../../Engine/Content/MobileResources/T_MobileMenu2.uasset" 441
"../../../Engine/Content/MobileResources/T_MobileControls_texture.uasset" 442
"../../../../../../../Program Files (x86)/Unreal Projects/Ping_Pong_Clone/Content/Blueprints/BP_Pong_Game_Mode.uasset" 443
"../../../../../../../Program Files (x86)/Unreal Projects/Ping_Pong_Clone/Content/Blueprints/BP_Paddle_Pawn_Right.uasset" 444
"../../../../../../../Program Files (x86)/Unreal Projects/Ping_Pong_Clone/Content/Static_meshes/Sm_Paddle.uasset" 445
"../../../../../../../Program Files (x86)/Unreal Projects/Ping_Pong_Clone/Content/Materials/M_unlitwhite.uasset" 446
"C:/Users/Christian/AppData/Local/UnrealEngine/Common/DerivedDataCache/2/2/0/STATICMESH_46A8778361B442A9523C54440EA1E9D_2C1BC8F50A7A43818AFE266EB43D9060_19__6FE2C0DCC24A44D0BA4ADE7C96233F3E15FDC0A4.udd" 447
"C:/Users/Christian/AppData/Local/UnrealEngine/Common/DerivedDataCache/8/4/8/PHYSX_$7B1F0627AE$2DABEB$2D4206$2D8D78$2DE16BEB5DDC7E$7D_PHYSXPC_CBC14F0943E43__2C9F942D5AD5F53E51D245CD691B570D076BD7F8.udd" 448
"C:/Users/Christian/AppData/Local/UnrealEngine/Common/DerivedDataCache/7/0/6/MATSM_85DD00DAF10D45C79D4ED0306AF2628B_PCD3D_SM5_2__BC5N_DEV_SL_NODBUFA7576719__C4380DF1F2C26E4F30B743DDE2D421EF8FDF3523.udd" 449
"C:/Users/Christian/AppData/Local/UnrealEngine/Common/DerivedDataCache/8/7/0/MATSM_85DD00DAF10D45C79D4ED0306AF2628B_PCD3D_SM4_2__BC5N_DEV_SL_NODBUFA7576719__FEE8A49EBF8799D79331EDCB13E966AB6E99BCE6.udd" 450
"../../../Engine/Content/Maps/Entry.umap" 451
"../../../Engine/Content/EngineMaterials/DefaultNormal.uasset" 452
"../../../../../../../Program Files (x86)/Unreal Projects/Ping_Pong_Clone/Content/Maps/Menu.umap" 453
"../../../../../../../Program Files (x86)/Unreal Projects/Ping_Pong_Clone/Content/Blueprints/Blueprint_Horizontal_Boundary.uasset" 454
"../../../../../../../Program Files (x86)/Unreal Projects/Ping_Pong_Clone/Content/Static_meshes/BoundaryMesh.uasset" 455
"../../../../../../../Program Files (x86)/Unreal Projects/Ping_Pong_Clone/Content/Blueprints/BP_BallMenu.uasset" 456
"../../../../../../../Program Files (x86)/Unreal Projects/Ping_Pong_Clone/Content/Blueprints/BP_Ball.uasset" 457
"../../../Engine/Content/EditorBlueprintResources/StandardMacros.uasset" 458
"../../../../../../../Program Files (x86)/Unreal Projects/Ping_Pong_Clone/Content/Blueprints/BP_Enemy_Paddle.uasset" 459
"../../../../../../../Program Files (x86)/Unreal Projects/Ping_Pong_Clone/Content/Static_meshes/Sm_Ball.uasset" 460
"../../../../../../../Program Files (x86)/Unreal Projects/Ping_Pong_Clone/Content/Blueprints/BP_Left_Goal.uasset" 461
"../../../../../../../Program Files (x86)/Unreal Projects/Ping_Pong_Clone/Content/Blueprints/BP_PaddleLeft.uasset" 462
"../../../../../../../Program Files (x86)/Unreal Projects/Ping_Pong_Clone/Content/Blueprints/BP_Right_Goal.uasset" 463
"../../../../../../../Program Files (x86)/Unreal Projects/Ping_Pong_Clone/Content/Blueprints/Win_Text_Blueprint.uasset" 464
"../../../../../../../Program Files (x86)/Unreal Projects/Ping_Pong_Clone/Content/Materials/M_Pong_Text.uasset" 465
"../../../../../../../Program Files (x86)/Unreal Projects/Ping_Pong_Clone/Content/Sounds/S_ballCollision.uasset" 466
"../../../../../../../Program Files (x86)/Unreal Projects/Ping_Pong_Clone/Content/Sounds/S_ballGoal.uasset" 467
"../../../../../../../Program Files (x86)/Unreal Projects/Ping_Pong_Clone/Content/Blueprints/BP_Pong_Hud.uasset" 468
"C:/Users/Christian/AppData/Local/UnrealEngine/Common/DerivedDataCache/4/0/6/STATICMESH_46A8778361B442A9523C54440EA1E9D_2C1BC8F50A7A43818AFE266EB43D9060_22__8AAF68BC63F0E075D7F9D734CD56BF3A8AF36454.udd" 469
"C:/Users/Christian/AppData/Local/UnrealEngine/Common/DerivedDataCache/5/7/8/PHYSX_$7B1F0627AE$2DABEB$2D4206$2D8D78$2DE16BEB5DDC7E$7D_PHYSXPC_435DEB2B489E3__69BFCF5300F3484664C647B1E30B1663509863F8.udd" 470
"C:/Users/Christian/AppData/Local/UnrealEngine/Common/DerivedDataCache/7/7/2/STATICMESH_46A8778361B442A9523C54440EA1E9D_2C1BC8F50A7A43818AFE266EB43D9060_A8__17E40A1AC111299BF31764558BDC4DE3F5544E8C.udd" 471
"C:/Users/Christian/AppData/Local/UnrealEngine/Common/DerivedDataCache/5/8/2/PHYSX_$7B1F0627AE$2DABEB$2D4206$2D8D78$2DE16BEB5DDC7E$7D_PHYSXPC_12AFE7B04752C__206B80B22C4F848C941A31DECA82E17D10DBDCF9.udd" 472
"C:/Users/Christian/AppData/Local/UnrealEngine/Common/DerivedDataCache/1/8/2/MATSM_85DD00DAF10D45C79D4ED0306AF2628B_PCD3D_SM5_2__BC5N_DEV_SL_NODBUF8A2D10EA__931DC14977FADBB1C0E504540D657E51D8608BB8.udd" 473
"C:/Users/Christian/AppData/Local/UnrealEngine/Common/DerivedDataCache/0/7/8/MATSM_85DD00DAF10D45C79D4ED0306AF2628B_PCD3D_SM4_2__BC5N_DEV_SL_NODBUF8A2D10EA__B94ED434E344FBD761C74FA8AF859530760B3AFA.udd" 474
"C:/Users/Christian/AppData/Local/UnrealEngine/Common/DerivedDataCache/6/7/6/AUDIO_0002_0000_OGG_0001_AAF1DA124870286130310C8FBDC15988.udd" 475
"C:/Users/Christian/AppData/Local/UnrealEngine/Common/DerivedDataCache/2/4/1/AUDIO_0002_0000_OGG_0001_6B8FB8A84B800ADA61E5B38C621C581C.udd" 476
"../../../../../../../Program Files (x86)/Unreal Projects/Ping_Pong_Clone/Content/Maps/P2_Main.umap" 477
"../../../../../../../Program Files (x86)/Unreal Projects/Ping_Pong_Clone/Content/Blueprints/GamePausedText_Blueprint.uasset" 478
"../../../../../../../Program Files (x86)/Unreal Projects/Ping_Pong_Clone/Content/Maps/P1_Main.umap" 479
"../../../../../../../Program Files (x86)/Unreal Projects/Ping_Pong_Clone/Content/Textures/4UnrealPong_gameplay.uasset" 480
"C:/Users/Christian/AppData/Local/UnrealEngine/Common/DerivedDataCache/8/4/9/TEXTURE_75F87CE100B546AAB8A1C4132AF9DB17_BGRA8_B489AA974BC52B74AEC16CA460104E8__474B402BFFAEB1F2F495CEB8A7C695A2F5F05130.udd" 481
"../../../../../../../Program Files (x86)/Unreal Projects/Ping_Pong_Clone/Content/Materials/M_Reference.uasset" 482
"../../../Engine/Content/Functions/Engine_MaterialFunctions02/ObjectLocalBounds.uasset" 483
"../../../Engine/Content/Functions/Engine_MaterialFunctions02/Texturing/CustomRotator.uasset" 484
"../../../Engine/Content/Functions/Engine_MaterialFunctions02/UVs/BoundingBoxBased_0-1_UVW.uasset" 485
"C:/Users/Christian/AppData/Local/UnrealEngine/Common/DerivedDataCache/5/7/4/MATSM_85DD00DAF10D45C79D4ED0306AF2628B_PCD3D_SM5_2__BC5N_DEV_SL_NODBUFACF3940F__75D1C569D85C2A35DFFC0A06A114C3E116D9B506.udd" 486
"C:/Users/Christian/AppData/Local/UnrealEngine/Common/DerivedDataCache/7/6/3/MATSM_85DD00DAF10D45C79D4ED0306AF2628B_PCD3D_SM4_2__BC5N_DEV_SL_NODBUFACF3940F__5E6996E12D1325E1C349E3B73FCEC68D0DF2EC10.udd" 487
"../../../../../../../Program Files (x86)/Unreal Projects/Ping_Pong_Clone/Content/Sm_Paddle2.uasset" 488
"../../../../../../../Program Files (x86)/Unreal Projects/Ping_Pong_Clone/Content/Sm_Ball.uasset" 489
"../../../../../../../Program Files (x86)/Unreal Projects/Ping_Pong_Clone/Content/M_Reference.uasset" 490
"../../../../../../../Program Files (x86)/Unreal Projects/Ping_Pong_Clone/Content/GamePausedText_Blueprint.uasset" 491
"../../../../../../../Program Files (x86)/Unreal Projects/Ping_Pong_Clone/Content/BoundaryMesh.uasset" 492
"../../../../../../../Program Files (x86)/Unreal Projects/Ping_Pong_Clone/Content/4UnrealPong_gameplay.uasset" 493
